0: process 1 (pid  3903, parent  3902) has STARTED with balance $10
8: process 1 transferred $ 1 to process 2
9: process 1 received all STARTED messages
22: process 1 received $ 1 from process 3
22: process 1 has DONE with balance $10
27: process 1 received all DONE messages
0: process 2 (pid  3904, parent  3902) has STARTED with balance $10
3: process 2 received all STARTED messages
10: process 2 received $ 1 from process 1
14: process 2 transferred $ 2 to process 3
14: process 2 has DONE with balance $ 9
27: process 2 received all DONE messages
0: process 3 (pid  3905, parent  3902) has STARTED with balance $10
3: process 3 received all STARTED messages
16: process 3 received $ 2 from process 2
20: process 3 transferred $ 1 to process 1
20: process 3 has DONE with balance $11
27: process 3 received all DONE messages
4: process 0 received all STARTED messages
28: process 0 received all DONE messages
